Log started at 03.03.2023	17:17:55
Number of used processors (NPROC): 12.
Number of mesh partitions (NPART): 12.
Total Physical Memory = 31.86 Gb, Available Physical Memory = 21.44 Gb
Computer name:	AIENWARE-17-R5
Operating system:	Windows 10 (or higher) (Version 10.0.22621)

SOLIDWORKS 2022 SP3.1
Flow Simulation 2022  x64 / 5593

Project: C:\Thermique Design\Design V3\1\1.xmlconfig
Configuration name: Défaut
Project name: Thermal V3
Problem type: external-type
Exclude cavities without flow conditions: OFF
NGK: OFF
MBO: OFF
-----------------------------------------------------------------------
Mesher option run = eRunMesherNormal
-----------------------------------------------------------------------

Mesh generation started:	3.3.2023	17:17:55
-----------------------------------------------------------------------
Memory Working Set Current = 20.50 Mb, Memory Working Set Peak = 20.50 Mb
Process Threads Number: 7
-----------------------------------------------------------------------
Mesher adjust APD = OFF; AdjustAPD_method=0; N_per_Channel = 0; N2_per_Channel = 0
Current CPU = 0 sec
-----------------------------------------------------------------------
Geometries initialization:
-----------------------------------------------------------------------
Loading mesh settings (global/local)...
-----------------------------------------------------------------------
Number of geometries from DB: 4
Geometry(0):
	Guid = {00000000-0000-0000-0000-000000000000}
	Fluid..
	2 Bodies.
	4 Real bodies.
	-- Bodyset 0 --
		Tolerance=1.64098e-05.
		286 Face(s).
			286 of b-spline type.
		274 Face(s) that have no ref faces
		127 Plane surface(s).
		131 Cylinder surface(s).
		23 Cone surface(s).
		1 Sphere surface(s).
		4 Torus surface(s).
		38432 Triangle(s).
		Getting triangle connectivities from DB: 0.004 s
		369 Edge(s).
			369 of b-spline type.
		BodyGeom reading: 0.032 s.
		36930 Reference Triangles.
		Getting triangle connectivities from DB (Ref): 0.004 s
		BodyGeom Ref reading: 0.007 s.
Geometry(1):
	Guid = {dd052fb8-f4ba-414e-9721-1ae179e64a9b}
	Solid.Aluminium 6061.
	1 Body.
	2 Real bodies.
	-- Bodyset 1 --
		Tolerance=1.64098e-05.
		212 Face(s).
			212 of b-spline type.
		1 Face(s) that have no ref faces
		60 Plane surface(s).
		130 Cylinder surface(s).
		22 Cone surface(s).
		32378 Triangle(s).
		Getting triangle connectivities from DB: 0.003 s
		336 Edge(s).
			336 of b-spline type.
		BodyGeom reading: 0.029 s.
		34775 Reference Triangles.
		Getting triangle connectivities from DB (Ref): 0.003 s
		BodyGeom Ref reading: 0.006 s.
Geometry(2):
	Guid = {18eaa831-c183-49bc-88e6-3641b3a297ea}
	TransparentSolid.BK7.
	1 Body.
	1 Real body.
	-- Bodyset 2 --
		Tolerance=1.64098e-05.
		9 Face(s).
			9 of b-spline type.
		0 Face(s) that have no ref faces
		7 Plane surface(s).
		1 Cylinder surface(s).
		1 Sphere surface(s).
		4050 Triangle(s).
		Getting triangle connectivities from DB: 0.000 s
		14 Edge(s).
			14 of b-spline type.
		BodyGeom reading: 0.003 s.
		4209 Reference Triangles.
		Getting triangle connectivities from DB (Ref): 0.001 s
		BodyGeom Ref reading: 0.001 s.
Geometry(3):
	Guid = {104d7313-fa79-42d1-97b1-6f92228a3773}
	TransparentSolid.NG9.
	1 Body.
	1 Real body.
	-- Bodyset 3 --
		Tolerance=1.64098e-05.
		11 Face(s).
			11 of b-spline type.
		0 Face(s) that have no ref faces
		8 Plane surface(s).
		1 Cylinder surface(s).
		2 Cone surface(s).
		1004 Triangle(s).
		Getting triangle connectivities from DB: 0.000 s
		16 Edge(s).
			16 of b-spline type.
		BodyGeom reading: 0.002 s.
		3230 Reference Triangles.
		Getting triangle connectivities from DB (Ref): 0.000 s
		BodyGeom Ref reading: 0.002 s.
-----------------------------------------------------------------------
Number of geometries in task: 4
Number of bodysets   in task: 4
-----------------------------------------------------------------------
BodySet (0):
	Making hash and connectivity for Bodyset ...
		CBodyGeom:
		Hash size: {48, 64, 20}.
		Mesh size: {12, 16, 10}.
		Hashing triangles...Ok.
			axis(0) tr sizes: average=119 max=723
			axis(1) tr sizes: average=137 max=959
			axis(2) tr sizes: average=92 max=571
		Number of t-connected sets:5 (cavity=3)
		CBodyGeomRef:
		Hashing triangles...Ok.
			axis(0) tr sizes: average=429 max=1878
			axis(1) tr sizes: average=532 max=2362
			axis(2) tr sizes: average=434 max=1321
	0.112 s.
BodySet (1):
	Making hash and connectivity for Bodyset ...
		CBodyGeom:
		Hash size: {48, 48, 30}.
		Mesh size: {12, 16, 10}.
		Hashing triangles...Ok.
			axis(0) tr sizes: average=42 max=1478
			axis(1) tr sizes: average=45 max=1412
			axis(2) tr sizes: average=31 max=1174
		Number of t-connected sets:3 (cavity=2)
		CBodyGeomRef:
		Hashing triangles...Ok.
			axis(0) tr sizes: average=421 max=1701
			axis(1) tr sizes: average=518 max=2102
			axis(2) tr sizes: average=430 max=1175
	0.0336 s.
BodySet (2):
	Making hash and connectivity for Bodyset ...
		CBodyGeom:
		Hash size: {24, 16, 10}.
		Mesh size: {12, 16, 10}.
		Hashing triangles...Ok.
			axis(0) tr sizes: average=29 max=3106
			axis(1) tr sizes: average=21 max=2107
			axis(2) tr sizes: average=14 max=1624
		Number of t-connected sets:2 (cavity=1)
		CBodyGeomRef:
		Hashing triangles...Ok.
			axis(0) tr sizes: average=64 max=518
			axis(1) tr sizes: average=80 max=610
			axis(2) tr sizes: average=48 max=324
	0.00837 s.
BodySet (3):
	Making hash and connectivity for Bodyset ...
		CBodyGeom:
		Hash size: {12, 16, 10}.
		Mesh size: {12, 16, 10}.
		Hashing triangles...Ok.
			axis(0) tr sizes: average=10 max=454
			axis(1) tr sizes: average=14 max=528
			axis(2) tr sizes: average=11 max=282
		Number of t-connected sets:2 (cavity=1)
		CBodyGeomRef:
		Hashing triangles...Ok.
			axis(0) tr sizes: average=69 max=438
			axis(1) tr sizes: average=82 max=485
			axis(2) tr sizes: average=53 max=285
	0.00377 s.
Geometries reading and preparing has taken 0.169 s.
-----------------------------------------------------------------------
Mapped triangles:
Hashing rough geometry(bodies) triangulation:
BodySet (0):
	Triangles num=38432
	Triangles box={-0.0313878 ,0.0446122 ,-0.0298307 ,0.0461693 ,-0.085786 ,0.038214}
		3d-hash size is 210144 bytes
BodySet (1):
	Triangles num=32378
	Triangles box={-0.126337 ,0.139562 ,-0.124828 ,0.188508 ,-0.180784 ,0.133212}
		3d-hash size is 184236 bytes
BodySet (2):
	Triangles num=4050
	Triangles box={-0.126337 ,0.139562 ,-0.124828 ,0.188508 ,-0.180784 ,0.133212}
		3d-hash size is 25176 bytes
BodySet (3):
	Triangles num=1004
	Triangles box={-0.126337 ,0.139562 ,-0.124828 ,0.188508 ,-0.180784 ,0.133212}
		3d-hash size is 13936 bytes

Mapped triangles processed in 0.096 s.
-----------------------------------------------------------------------
-----------------------------------------------------------------------
Getting sectors:
Number of sectors: 0
-----------------------------------------------------------------------
-----------------------------------------------------------------------

Current CPU = 0 sec
-----------------------------------------------------------------------
Memory Working Set Current = 82.13 Mb, Memory Working Set Peak = 103.93 Mb
Process Threads Number: 18
-----------------------------------------------------------------------
-----------------------------------------------------------------------
Checking faces on CD...
FCD = [0 0 0 0 0 0]
FCD_conflicts = 0
Time (check faces on CD)=0.001 s
-----------------------------------------------------------------------

-----------------------------------------------------------------------
Mesh dimensions:
				I[0 ]=12
				I[1 ]=16
				I[2 ]=10

Comp. domain size:
				a[0  ]=-0.126072
				a[1  ]=0.139296
				a[2  ]=-0.124515
				a[3  ]=0.188196
				a[4  ]=-0.18047
				a[5  ]=0.132898

Fluid calculated			1
Solid calculated			1
-----------------------------------------------------------------------
MESH Build started...
-----------------------------------------------------------------------
Mesh LEVEL = 5
-----------------------------------------------------------------------
-----------------------------------------------------------------------
CPT-mode xeps:
	D / dh / eps [axis=0] = (0.265369, 0.00058184, 5.8184e-07)
	D / dh / eps [axis=1] = (0.312711, 0.000553837, 5.53837e-07)
	D / dh / eps [axis=2] = (0.313369, 0.00093664, 9.3664e-07)
-----------------------------------------------------------------------
Initial allocation and brick-body-box intersection...OK (0.000 s)
Initial triangle brick intersection...OK (0.000 s)
Setting regions (1920 / 1920)...OK (0.000 s)
-----------------------------------------------------------------------
Base mesh info:
	3D task
	Nx=12
	Ny=16
	Nz=10
	N(Nx*Ny*Nz) = 192
	Period    axis=[0, 0, 0]
	Symmetry  ni=[0 0 0 0 0 0]
	ZoomingBC ni=[0 0 0 0 0 0]
	Nx=12
		x[0]=-0.126072
		x[1]=-0.100436
		x[2]=-0.0760243
		x[3]=-0.0527709
		x[4]=-0.0306208
		x[5]=-0.0120019
		x[6]=0.00661805
		x[7]=0.0252381
		x[8]=0.0438581
		x[9]=0.0660055
		x[10]=0.0892581
		x[11]=0.113672
		x[12]=0.139296
	Ny=16
		y[0]=-0.124515
		y[1]=-0.104004
		y[2]=-0.0842328
		y[3]=-0.0651695
		y[4]=-0.0467886
		y[5]=-0.0290659
		y[6]=-0.0104456
		y[7]=0.00817438
		y[8]=0.0267944
		y[9]=0.0454144
		y[10]=0.0635392
		y[11]=0.082374
		y[12]=0.101946
		y[13]=0.122284
		y[14]=0.143419
		y[15]=0.16538
		y[16]=0.188196
	Nz=10
		z[0]=-0.18047
		z[1]=-0.146443
		z[2]=-0.114512
		z[3]=-0.0845391
		z[4]=-0.054159
		z[5]=-0.023779
		z[6]=0.00660104
		z[7]=0.036981
		z[8]=0.066958
		z[9]=0.0988907
		z[10]=0.132898
-----------------------------------------------------------------------
Input_mesh_settings--------------------------------
Settings 0----------------
	Scope: GLOBAL
	Type:	------MESHER_SETTINGS----------
	RefAllCells           =0
	RefFluidCells         =0
	RefPartCells          =0
	RefSolidCells         =0
	l_SSFR(Capture crit)  =5
	l_curv(Curvature crit)=0
	l_tol(Tolerance crit) =4
	  k_tol               =0.000508001
	UseChannelRef         =1
	  NCR_method          =0
	  l_NCR               =1
	  N_gap               =3
	  Use d_NCR_min       =0
	  Use d_NCR_max       =0
	CloseThinSlotsHeight         =0
	--END_OF_MESHER_SETTINGS-------
End of input mesh settings-------------------------
-----------------------------------------------------------------------
Memory Working Set Current = 82.95 Mb, Memory Working Set Peak = 103.93 Mb
Process Threads Number: 18
-----------------------------------------------------------------------
MMP (msh): locals=1, allc_sz=0.28 MB, used_sz=0.24 MB, blks-min-max=12/12
MMP (brx): locals=12, allc_sz=0.50 MB, used_sz=0.34 MB, blks-min-max=2/3
MMP (bcf): locals=0, allc_sz=0.00 MB, used_sz=0.00 MB, blks-min-max=0/0
MMP (xsl): locals=0, allc_sz=0.00 MB, used_sz=0.00 MB, blks-min-max=0/0
NxNyNz = [12, 16, 10]
base_dx=0.0243318; 
NxNyNz_reverse = [11, 13, 13]

-----------------------------------------------------------------------
Refining geometries:
-----------------------------------------------------------------------

-----------------------------------------------------------------------
Refining by triangulation...
Refinement input: 1920 bricks
	Checking crit (1920 / 1920)...108 marked (0.079 s)
	Time(refinement): 0.000 s
Setting regions (864 / 2676)...OK (0.000 s)
	Checking crit (864 / 2676)...430 marked (0.016 s)
	Time(refinement): 0.000 s
Setting regions (3840 / 6036)...OK (0.000 s)
	Checking crit (3840 / 6036)...1468 marked (0.037 s)
	Time(refinement): 0.001 s
Setting regions (14128 / 18398)...OK (0.000 s)
	Checking crit (14128 / 18398)...3952 marked (0.081 s)
	Time(refinement): 0.003 s
Setting regions (40928 / 54210)...OK (0.001 s)
	Checking crit (40928 / 54210)...1018 marked (0.203 s)
	Time(refinement): 0.001 s
Setting regions (11968 / 64682)...OK (0.001 s)
	Checking crit (3824 / 64682)...0 marked (0.022 s)
Refinement result: 64682 bricks (0.462 s)
Refinement input: 64682 bricks
	Checking crit (56538 / 64682)...0 marked (0.046 s)
Refinement result: 64682 bricks (0.047 s)
Collecting and processing rays:
	Adding rays...OK (0.007 s)
	new bricks = 64682 / 64682
	new rays   = 14931 (x=4677, y=4695, z=5559)
	Processing rays...
		Rays process:  0.229 (0.688) s
		Sort xstacks:  0.005 (0.008) s
		Put xstacks:   0.022 (0.051) s
		Total:         0.235 s
	Correcting rays...
		Lame vertices: 0.047 (0.268) s
		Bad rays:      0.000 (0.000) s
		Emit rays:     0.030 (0.060) s
		Correct ray f: 0.000 (0.000) s
		Undef:         0.000 (0.000) s
		Sum:           0.103 (0.329) s
		Total:         0.104 s
	Time (rays): 0.350 s
Capturing (64682 / 64682)...OK (0.027 s)
Refining by triangulation takes 0.886 s
-----------------------------------------------------------------------

-----------------------------------------------------------------------
Refining peculiar surfaces...
0 surfaces refined
Refining peculiar surfaces takes 0 s
-----------------------------------------------------------------------
Collecting and processing rays:
	Adding rays...OK (0.001 s)
	new bricks = 0 / 64682
	new rays   = 0 (x=0, y=0, z=0)
	Processing rays...
		Rays process:  0.000 (0.000) s
		Sort xstacks:  0.000 (0.000) s
		Put xstacks:   0.000 (0.000) s
		Total:         0.000 s
	Correcting rays...
		Total:         0.000 s
	Time (rays): 0.002 s
Capturing (0 / 64682)...OK (0.001 s)

-----------------------------------------------------------------------
Base mesh 1 Refining...
Collecting and processing rays:
	Adding rays...OK (0.001 s)
	new bricks = 0 / 64682
	new rays   = 0 (x=0, y=0, z=0)
	Processing rays...
		Rays process:  0.000 (0.000) s
		Sort xstacks:  0.000 (0.000) s
		Put xstacks:   0.000 (0.000) s
		Total:         0.000 s
	Correcting rays...
		Total:         0.000 s
	Time (rays): 0.001 s
Capturing (0 / 64682)...OK (0.001 s)
Refinement input: 64682 bricks
	Checking crit (56538 / 64682)...0 marked (0.001 s)
Refinement result: 64682 bricks (0.002 s)
-----------------------------------------------------------------------
Refining channels...
FYI: CNarrowChannelRefiner::RefineChannels_PRLL
FYI: m_iteration_count = 0
FYI: level1 statistics:
     level1_cnt_plus[1]=0;		level1_cnt_minus[1]=0
     level1_cnt_plus[2]=0;		level1_cnt_minus[2]=0
     level1_cnt_plus[3]=0;		level1_cnt_minus[3]=0
     level1_cnt_plus[4]=0;		level1_cnt_minus[4]=0
     level1_cnt_plus[5]=0;		level1_cnt_minus[5]=0
     level1_cnt_plus[6]=0;		level1_cnt_minus[6]=0
     level1_cnt_plus[7]=0;		level1_cnt_minus[7]=0
     level1_cnt_plus[8]=0;		level1_cnt_minus[8]=0
     level1_cnt_plus[9]=0;		level1_cnt_minus[9]=0
FYI: level1 statistics:
     level1_cnt_plus[1]=0;		level1_cnt_minus[1]=0
     level1_cnt_plus[2]=0;		level1_cnt_minus[2]=0
     level1_cnt_plus[3]=0;		level1_cnt_minus[3]=0
     level1_cnt_plus[4]=0;		level1_cnt_minus[4]=0
     level1_cnt_plus[5]=0;		level1_cnt_minus[5]=0
     level1_cnt_plus[6]=0;		level1_cnt_minus[6]=0
     level1_cnt_plus[7]=0;		level1_cnt_minus[7]=0
     level1_cnt_plus[8]=0;		level1_cnt_minus[8]=0
     level1_cnt_plus[9]=0;		level1_cnt_minus[9]=0

-----------------------------------------------------------------------
U-shapes refinement...
Refinement input: 64682 bricks
	Checking crit (56538 / 64682)...106 marked (0.011 s)
	Time(refinement): 0.000 s
Setting regions (1248 / 65774)...OK (0.001 s)
	Checking crit (640 / 65774)...4 marked (0.001 s)
	Time(refinement): 0.000 s
Setting regions (48 / 65816)...OK (0.001 s)
	Checking crit (48 / 65816)...0 marked (0.000 s)
Refinement result: 65816 bricks (0.026 s)
Collecting and processing rays:
	Adding rays...OK (0.000 s)
	new bricks = 1292 / 65816
	new rays   = 215 (x=62, y=108, z=45)
	Processing rays...
		Rays process:  0.002 (0.007) s
		Sort xstacks:  0.000 (0.000) s
		Put xstacks:   0.000 (0.001) s
		Total:         0.003 s
	Correcting rays...
		Lame vertices: 0.001 (0.005) s
		Bad rays:      0.000 (0.000) s
		Emit rays:     0.000 (0.000) s
		Correct ray f: 0.000 (0.000) s
		Undef:         0.000 (0.000) s
		Sum:           0.001 (0.005) s
		Total:         0.002 s
	Time (rays): 0.006 s
Capturing (1292 / 65816)...OK (0.001 s)
-----------------------------------------------------------------------

-----------------------------------------------------------------------
Equi Distant Refiner:
Equi Distant Refiner takes 0.00 s
-----------------------------------------------------------------------

/-Ray Intersection---------------/ Time	2.960 s
Calls                60584
CorrectRay Calls     0



-----------------------------------------------------------------------
Refining geometries takes 1.733 s
-----------------------------------------------------------------------
-----------------------------------------------------------------------
Memory Working Set Current = 148.50 Mb, Memory Working Set Peak = 169.98 Mb
Process Threads Number: 18
-----------------------------------------------------------------------
Defect ray count	0
FYI: CNarrowChannelRefiner::RedistributeLevel1_step_1: is finished
FYI: level1 statistics:
     level1_cnt_plus[1]=0;		level1_cnt_minus[1]=0
     level1_cnt_plus[2]=0;		level1_cnt_minus[2]=0
     level1_cnt_plus[3]=0;		level1_cnt_minus[3]=0
     level1_cnt_plus[4]=0;		level1_cnt_minus[4]=0
     level1_cnt_plus[5]=0;		level1_cnt_minus[5]=0
     level1_cnt_plus[6]=0;		level1_cnt_minus[6]=0
     level1_cnt_plus[7]=0;		level1_cnt_minus[7]=0
     level1_cnt_plus[8]=0;		level1_cnt_minus[8]=0
     level1_cnt_plus[9]=0;		level1_cnt_minus[9]=0
FYI: CNarrowChannelRefiner::RedistributeLevel1_step_2: is started
FYI: CNarrowChannelRefiner::RedistributeLevel1_step_2: is finished
FYI: level1 statistics:
     level1_cnt_plus[1]=0;		level1_cnt_minus[1]=0
     level1_cnt_plus[2]=0;		level1_cnt_minus[2]=0
     level1_cnt_plus[3]=0;		level1_cnt_minus[3]=0
     level1_cnt_plus[4]=0;		level1_cnt_minus[4]=0
     level1_cnt_plus[5]=0;		level1_cnt_minus[5]=0
     level1_cnt_plus[6]=0;		level1_cnt_minus[6]=0
     level1_cnt_plus[7]=0;		level1_cnt_minus[7]=0
     level1_cnt_plus[8]=0;		level1_cnt_minus[8]=0
     level1_cnt_plus[9]=0;		level1_cnt_minus[9]=0
FYI: CNarrowChannelRefiner::RedistributeLevel1_step_3: is started
FYI: CNarrowChannelRefiner::RedistributeLevel1_step_3: is finished
RedistributeLevel1 takes:
FYI: level1 statistics:
     level1_cnt_plus[1]=0;		level1_cnt_minus[1]=0
     level1_cnt_plus[2]=0;		level1_cnt_minus[2]=0
     level1_cnt_plus[3]=0;		level1_cnt_minus[3]=0
     level1_cnt_plus[4]=0;		level1_cnt_minus[4]=0
     level1_cnt_plus[5]=0;		level1_cnt_minus[5]=0
     level1_cnt_plus[6]=0;		level1_cnt_minus[6]=0
     level1_cnt_plus[7]=0;		level1_cnt_minus[7]=0
     level1_cnt_plus[8]=0;		level1_cnt_minus[8]=0
     level1_cnt_plus[9]=0;		level1_cnt_minus[9]=0
-----------------------------------------------------------------------
MSH format builder (Iteration 0)
-----------------------------------------------------------------------
Memory Working Set Current = 153.82 Mb, Memory Working Set Peak = 176.81 Mb
Process Threads Number: 18
-----------------------------------------------------------------------
Total bricks count: 65816
-----------------------------------------------------------------------
MSH (Real Geometry) format constructor:
	Geom    Count = 4
	Bodyset Count = 4
	3D task
	Getting brick sets...OK (0.001 s)

	Min x-stack xeps = 3.95108e-07
	D / dh / eps [axis=0] = (0.265369, 0.00058184, 1.31703e-07)
	D / dh / eps [axis=1] = (0.312711, 0.000566402, 1.31703e-07)
	D / dh / eps [axis=2] = (0.313369, 0.000936781, 1.31703e-07)
	Time (xeps): 0.001 s
Level 5
	Set (0)  size: 4376
	Set (0)  time: 0.170 s
	Set (1)  size: 4376
	Set (1)  time: 0.104 s
Level 4
	Set (0)  size: 17285
	Set (0)  time: 0.311 s
	Set (1)  size: 17285
	Set (1)  time: 0.262 s
Level 3
	Set (0)  size: 8241
	Set (0)  time: 0.097 s
	Set (1)  size: 8245
	Set (1)  time: 0.100 s
Level 2
	Set (0)  size: 1787
	Set (0)  time: 0.013 s
	Set (1)  size: 1787
	Set (1)  time: 0.013 s
Level 1
	Set (0)  size: 349
	Set (0)  time: 0.001 s
	Set (1)  size: 349
	Set (1)  time: 0.001 s
Level 0
	Set (0)  size: 868
	Set (0)  time: 0.001 s
	Set (1)  size: 868
	Set (1)  time: 0.001 s

	Spread npq bricks...48 marked (0.003 s)

Result:
	Bricks number:                        65816

	Memory usage:                         25.107 MB
	Memory usage (per brick):             0.391 KB
	Construction time:                    1.086 s

	Topology features:
	------------------
	- High quality bricks                   99.77 % (65667)
	- Medium quality bricks                  0.23 % (149)
	- Bad quality bricks                     0.00 % (0)
	- NPQ bricks                             0.24 % (158)
	- Type-1 bricks                         51.72 % (34038)
	- Ribs corrected bricks                  0.07 % (46)
	- Points with geom-info (bricks)         0.29 % (188)
	- Points with closest-info (bricks)      0.01 % (6)
	- Triangulated by center (bricks)        0.24 % (158)
	- Facet w-faces mergings (bricks)        0.00 % (0)
	- To refine (bricks)                     0.00 % (0)
	- Points-count                           0.00 % (0)
	- T-self-intersection-all (bricks)       0.00 % (0)
	- T-self-intersection-simple (bricks)    0.00 % (0)
	- T-self-intersection-complex (bricks)   0.00 % (0)
	- NPQ by reason 1 u-shape                0.00 % (0)
	- NPQ by reason 2 tri-by-ctr             0.01 % (9)
	- NPQ by reason 3 ray-correction         0.00 % (0)
	- NPQ by reason 4 t-self-intersection    0.00 % (0)
	- NPQ by reason 5 non-good               0.23 % (149)
	- NPQ by reason 6 npq-worker             0.00 % (0)

-----------------------------------------------------------------------
Memory Working Set Current = 203.32 Mb, Memory Working Set Peak = 203.32 Mb
Process Threads Number: 18
-----------------------------------------------------------------------
-----------------------------------------------------------------------
msh-iterations: 1
-----------------------------------------------------------------------
high---q-brick-count =  99.77 % (65816 65667)
medium-q-brick-count =   0.23 % (65816 149)
bad----q-brick-count =   0.00 % (65816 0)
np-----q-brick-count =   0.31 % (65816 206)
-----------------------------------------------------------------------
Free brick parser storage...OK(0.002 s)
-----------------------------------------------------------------------
Memory Working Set Current = 203.36 Mb, Memory Working Set Peak = 203.93 Mb
Process Threads Number: 18
-----------------------------------------------------------------------
-----------------------------------------------------------------------
MSH --> BCF format (Iteration 0)...
BCF collector...(remove mode=0)
	Time (alloc counter per brick): 0.001 s
	Brick    count: 65816
	Av.f all count: 54723
	Av.s all count: 50717
	Av.f pid count: 34966
	Av.s pid count: 38696
	Faces fs count: 79353
	Faces ff count: 0
	Faces ss count: 5204
	Faces bb count: 0
	Faces fe count: 944
	Faces se count: 0
	Faces fw count: 85501
	Faces af count: 162586
	Faces as count: 147024
	Time (all count): 	0.011 s
	Time (bcf alloc): 	0.003 s
	Time (shifts alloc): 	0.002 s
	Time (shifts init): 	0.002 s
	Time (bcf fill): 	0.027 s
	Time (add av to faces): 0.001 s
	Time (add faces to av): 0.017 s
Time (bcf collect): 		0.066 s
	AV checker...
	Time (check av): 	0.015 s
		Defect av (total)        3
		Defect av (no a-faces)   3
		Defect av (zero volume)  0
		Defect av (disbalance)   0
		Defect av (nb disbalance)0
		Defect av (bad dir)      0
		Defect av (thin gap)     0
		Defect av (hole)         0
	Time (add corr info): 	0.001 s
Free bcf...            OK	Time=0.006 s
	Time (corr msh): 	0.001 s
	Bricks corrected: 3
Time (bcf iteration total): 	0.094 s
-----------------------------------------------------------------------
MSH --> BCF format (Iteration 1)...
BCF collector...(remove mode=0)
	Time (alloc counter per brick): 0.001 s
	Brick    count: 65816
	Av.f all count: 54720
	Av.s all count: 50717
	Av.f pid count: 34963
	Av.s pid count: 38696
	Faces fs count: 79335
	Faces ff count: 0
	Faces ss count: 5213
	Faces bb count: 3
	Faces fe count: 944
	Faces se count: 0
	Faces fw count: 85492
	Faces af count: 162583
	Faces as count: 147024
	Time (all count): 	0.011 s
	Time (bcf alloc): 	0.002 s
	Time (shifts alloc): 	0.002 s
	Time (shifts init): 	0.002 s
	Time (bcf fill): 	0.027 s
	Time (add av to faces): 0.001 s
	Time (add faces to av): 0.018 s
Time (bcf collect): 		0.070 s
	AV checker...
	Time (check av): 	0.016 s
	Subdomain checker...
		Subdomains construction time: 0.015 s.
		Subdomains sort time: 0.000 s.
			Subdomain 0 (geom_ind=0): 49694 av
			Subdomain 1 (geom_ind=0): 4251 av
			Subdomain 2 (geom_ind=0): 400 av
			Subdomain 3 (geom_ind=0): 375 av
			Subdomain 4 (geom_ind=1): 45487 av
			Subdomain 5 (geom_ind=1): 132 av
			Subdomain 6 (geom_ind=2): 1190 av
			Subdomain 7 (geom_ind=3): 3908 av
		gi: 0, real bodies: 4
		gi: 0, subdomains:  4
		gi: 1, real bodies: 2
		gi: 1, subdomains:  2
		gi: 2, real bodies: 1
		gi: 2, subdomains:  1
		gi: 3, real bodies: 1
		gi: 3, subdomains:  1
		Defect subdomains: 0
	Time (check subdoms): 	0.019 s
Time (bcf iteration total): 	0.107 s
	Time (fw-nb): 		0.005 s
	Fixed mutual fw-nb:     51238 (bb: 3)
	Time (fw-nb mutual): 	0.008 s
	Time (fw-nb sort): 	0.002 s
	Fw-opt BEFORE total:    85492 (fs=79335, ff=0, ss=5213)
	Fw-opt AFTER  total:    59420 (fs=54426, ff=0, ss=4050, failed fw/br=2/0, big_curv=114, big_poly=0)
	Fw-opt RESULT:          26072 (res/(fs+ff+ss) = 30.84 %)
	Time (fw-opt): 		0.017 s
	Time (fw-re-order): 	0.008 s
	Time (fw-nb): 		0.047 s
	Fixed mutual fw-nb:     128452 (bb: 3)
	Time (fw-nb mutual): 	0.010 s
	Time (fw-nb sort): 	0.002 s
	Time (rfd fix): 	0.001 s
	Time (av convexity): 	0.015 s
	Time (av small volume): 0.003 s
	Time (diagonal fw-nb): 	0.097 s
	Fixed mutual fw-nb:     0 (bb: 0)
	Time (fw-nb mutual): 	0.006 s
	Time (fw-nb sort): 	0.002 s
	Fluid subdomains: 4
	Faces fw-nb diff sd:    0
	Time (fw-nb diff sd): 	0.011 s
Time (bcf calc): 		0.246 s
-----------------------------------------------------------------------
Time (bcf total): 		0.448 s
-----------------------------------------------------------------------
-----------------------------------------------------------------------
Mega-cv constructor for fluid...
	 1153 av's is treated as thin
Relative size generator (threshold = 0.05)...
	Iteration 1 (small cluster count = 2920)
	Iteration 2 (small cluster count = 1379)
	Iteration 3 (small cluster count = 451)
	Iteration 4 (small cluster count = 138)
	Iteration 5 (small cluster count = 32)
	Iteration 6 (small cluster count = 7)
	Iteration 7 (small cluster count = 0)
	 2584 mega-cv's generated
	 215 mega-cv's removed
Relative size generator is completed OK (0.013 s)
Apply fa-rules to mega-cv clusters fixes...
	Fa-rule violation fixes:       68 of       89 (total cluster# =     2411)
OK (0.012 s)
There are 32 clusters with nbrs connected in more than one axis
Convert clusters:
	 2373 mega-cv's total
Mega-cv count: 2373
Time (mega-cv fill): 	0.003 s
WARNING! Mega-cv normal-direction rule violation counts: rule-I = 27, rule-II = 18
Time (mega-cv total): 	0.050 s
-----------------------------------------------------------------------
-----------------------------------------------------------------------
Mega-cv constructor for solid...
-----------------------------------------------------------------------
-----------------------------------------------------------------------
Fixing zero lambda_v_projections for ss-faces (4050)...zero_count=3, recalc_count=3
Time=0.000 s
-----------------------------------------------------------------------

Mixing plane rotation regions: NO.
Sliding mesh rotation regions: NO.
Fluid/fluid faces: NO.
-----------------------------------------------------------------------
Memory Working Set Current = 265.15 Mb, Memory Working Set Peak = 266.02 Mb
Process Threads Number: 18
-----------------------------------------------------------------------
----------------------------------------------------------
BCF --> BCF.GEOMSUBDOM (bridge arrays):
MESH (0):
	Fluid Subdom Constructor: 4 subdom(s).
	Solid Subdom Constructor: 4 subdom(s).
	Net Asm Subdom Constructor: 0 subdom(s).
	GEOMSUBDOM (0): gi=0 fluid av=49694 cv=47329 fa=149906 fb=0 fw=47969 V=2.570768e-02
	Cache data...OK
	GEOMSUBDOM (1): gi=0 fluid av=375 cv=64 fa=404 fb=0 fw=1097 V=1.351518e-10
	Cache data...OK
	GEOMSUBDOM (2): gi=0 fluid av=400 cv=313 fa=455 fb=0 fw=1147 V=1.569892e-09
	Cache data...OK
	GEOMSUBDOM (3): gi=0 fluid av=4251 cv=3960 fa=11818 fb=0 fw=5157 V=4.930767e-05
	Cache data...OK
	GEOMSUBDOM (4): gi=1 solid av=45487 cv=45487 fa=132751 fb=0 fw=54661 V=2.406516e-04
	Cache data...OK
	GEOMSUBDOM (5): gi=3 solid av=3908 cv=3908 fa=10735 fb=0 fw=5993 V=4.272808e-06
	Cache data...OK
	GEOMSUBDOM (6): gi=2 solid av=1190 cv=1190 fa=3238 fb=0 fw=1664 V=2.507365e-06
	Cache data...OK
	GEOMSUBDOM (7): gi=1 solid av=132 cv=132 fa=300 fb=0 fw=208 V=1.946429e-08
	Cache data...OK
	Setting nb of w-faces...OK (0.011 s).
	Correcting nb of w-faces...
		geomsd (0): removed nb-nfw by brick-long-chain: 812.
		geomsd (0): time=0.005 s
	Time(correct_fw_nb)=0.013 s

MESH (0) checking:
	GEOMSUBDOM (0):fa_s=3.6623378906226449 fb_s=0.0000000000000000 fw_s=0.6253272331291335 fw_nb=376428
	              :d_const(29379)=6.91035e-11 d_linear(29379)=1.69733e-10
	GEOMSUBDOM (1):fa_s=0.0000004501114549 fb_s=0.0000000000000000 fw_s=0.0000222456304234 fw_nb=8754
	              :d_const(38)=4.07442e-14 d_linear(21)=1.38022e-12
	GEOMSUBDOM (2):fa_s=0.0000051357888110 fb_s=0.0000000000000000 fw_s=0.0000757702627658 fw_nb=9166
	              :d_const(230)=3.69383e-14 d_linear(287)=3.1414e-13
	GEOMSUBDOM (3):fa_s=0.0390698682899110 fb_s=0.0000000000000000 fw_s=0.0082395200457044 fw_nb=40158
	              :d_const(542)=2.58536e-14 d_linear(3940)=1.94606e-13
	GEOMSUBDOM (4):fa_s=0.2767671958807776 fb_s=0.0000000000000000 fw_s=0.1043608951807990 fw_nb=409314
	              :d_const(33766)=6.32871e-11 d_linear(33766)=3.75636e-10
	GEOMSUBDOM (5):fa_s=0.0085396712161497 fb_s=0.0000000000000000 fw_s=0.0043631518003872 fw_nb=28622
	              :d_const(1348)=1.31355e-12 d_linear(1348)=1.74123e-11
	GEOMSUBDOM (6):fa_s=0.0037235699838671 fb_s=0.0000000000000000 fw_s=0.0015161694397504 fw_nb=11660
	              :d_const(822)=1.42934e-14 d_linear(383)=4.16718e-13
	GEOMSUBDOM (7):fa_s=0.0000735049132364 fb_s=0.0000000000000000 fw_s=0.0000546024429826 fw_nb=1632
	              :d_const(66)=2.79525e-15 d_linear(119)=1.33887e-13
MESH (0) checking: OK.
Time (MDS): 	0.134 s
----------------------------------------------------------
-----------------------------------------------------------------------
Memory Working Set Current = 303.05 Mb, Memory Working Set Peak = 303.05 Mb
Process Threads Number: 18
-----------------------------------------------------------------------

-----------------------------------------------------------------------
BCF CHECKSUM DATA (Mesh 0):

BRICK |Level1| Sum:               0
FACE_A Area Sum:   G.Fluid        3.7014133448128255
FACE_A Area Sum:   G.Solid        0.2891039419940309
FACE_W Area Sum:                  0.6361152317766559
FACE_W Nb   Sum:                  463644
FACE_W min curvatures sum:        -3365333.28430514
FACE_W max curvatures sum:        1284765.03378508
FACE_W ss lambda sum:             -4050
AV Max Disbalance(Const) :        6.91035e-11 (cid=54581, t={192, 203, 213}, avid=45139, pid=29550)
AV Max Disbalance(Linear):        3.75636e-10 (cid=60215, t={192, 244, 212}, avid=102560, pid=36270)
BRICK-AV Volume Disbalance:       0 (cid=0, t={0, 0, 0})
-----------------------------------------------------------------------


-----------------------------------------------------------------------
MESHER TOPOLOGY DATA:

BRICKS: Total                 65816
BRICKS: Fluid                 52514
BRICKS: Fluid Partial         32757
BRICKS: Type 1                34038
BRICKS: Max AV number         4

AV:     G.Total               105437
AV:     G.Fluid               54720
AV:     G.Solid               50717

AV:     G.Fluid Thin Profile    2.66 % (1454)
AV:     G.Solid Thin Profile    4.06 % (2059)

AV:     G.Fluid Thin For Mega   2.11 % (1153)
AV:     G.Solid Thin For Mega   3.20 % (1621)

AV:     G.Fluid Non-Convex     25.31 % (13852)
AV:     G.Solid Non-Convex     25.74 % (13053)

AV:     G.Fluid Non-Ess-Convex     16.07 % (8795)
AV:     G.Solid Non-Ess-Convex     13.19 % (6691)

FACE_A: G.Fluid          (af) 162583 (partially opened 74640)
FACE_A: G.Solid          (as) 147024 (partially opened 84669)

FACE_B: G.Total          (b)  0

FACE_W: G.Total                 59420       Brick/Bound
FACE_W: G.Fluid/Solid    (fs_g) 54426       3           
FACE_W: G.Fluid/Fluid    (ff_g) 0           0           
FACE_W: G.Solid/Solid    (ss_g) 4050        0           
FACE_W: G.Fluid/External (fe_g) 944
FACE_W: G.Solid/External (se_g) 0

AV/CV max fa count (on brick side):8
AV/CV max fw count:                8
AV/CV max fb count:                0
AV/CV max fw poly count:           42

MEMORY: Total                   39.205 MB
MEMORY: Per Brick               0.610 KB
-----------------------------------------------------------------------

-----------------------------------------------------------------------
Connectivities information:
	Number of conns: 0
-----------------------------------------------------------------------
	Time (gap size): 	0.094 s
-----------------------------------------------------------------------
Memory Working Set Current = 303.13 Mb, Memory Working Set Peak = 303.66 Mb
Process Threads Number: 18
-----------------------------------------------------------------------
-----------------------------------------------------------------------
Calculating curvature and tolerance criteria...
Curvature: min=0 (cid=0) max=3.14159 (cid=53069)
Tolerance: min=0 (cid=0) max=0.000950276 (cid=14038)
Calculating curvature and tolerance criteria takes 0.294 s
-----------------------------------------------------------------------
MESH Build(FS) finished. Time=4.899 s
-----------------------------------------------------------------------
Current CPU = 5 sec

Nx=12
Ny=16
Nz=10
Max BRICK Level=5
Mesh Level=5
-----------------CModelBodies2MeshMapper::CollectData started -------------------------------
	Time (collect mesh base data): 0.014 s.
	Time (collect model bodies mapping): 0.003 s.
	Time (collect positive bodies mapping): 0.000 s.
	Time (collect fluid bodies mapping): 0.002 s.
-----------------CModelBodies2MeshMapper Report -------------------------------
FluidDomains 4 SolidDomains 4 VoidDomains 0 
Domains RefIndexes
----------------- -------------------------------
	ModelBodies
Total resolved Bodies 9 BodySets 4
BodySet 0	Material: Aluminium 6061
	Bodies list:
			#0	Name: m1-1/Chamfer2;	ID: d20ff8e5-dc48-4e36-be03-ae96d8372702
			#1	Name: m2.2-1/LPattern1;	ID: 98fec19f-9a25-4139-8205-390b4981a3df
			#2	Name: m3.2-1/Boss-Extrude4;	ID: ef98c134-f81b-425e-9682-1056edeb074d
			#3	Name: Lockring SM1RR-1/0082-001-1-solid1;	ID: 82809138-5039-4752-b4dd-aeb394f269b0
			#4	Name: Lockring SM2RR-2/0029-001-1-solid1;	ID: 963c06b8-3a7d-40f4-8db6-8714ccf87615
			#5	Name: m4-1/CirPattern1;	ID: 5595e766-d816-4418-9548-3c7c0b2e1316
	Domains list:		 4 
BodySet 1	Material: BK7
	Bodies list:
			#0	Name: Lentille LC1259-1/19075-001-1-solid1;	ID: efb17572-1893-49da-a8ea-98a98ac79cc5
	Domains list:		 6 
BodySet 2	Material: NG9
	Bodies list:
			#0	Name: NE2R30B-Solidworks-1/19213-001-1-solid1;	ID: 5a597c79-1dd0-48af-b137-f9f03846d602
	Domains list:		 5 
BodySet 3	Material: Aluminium 6061
	Bodies list:
			#0	Name: Laser10mm-1/Boss.-Extru.1;	ID: 915c613d-478b-436f-9146-5bdb51b8b51e
	Domains list:		 7 

--------------------------------------------------------------------------
	Positive geometry Bodies
Total resolved Bodies 8 BodySets 8
BodySet 0
	Bodies list:
			#0	Name: ;	ID: b045c79b-c380-4efa-991a-5180e6a5c75a
	Domains list:		 0 
BodySet 1
	Bodies list:
			#0	Name: ;	ID: b479de35-e269-4645-bb97-cf9af3118d7b
	Domains list:		 3 
BodySet 2
	Bodies list:
			#0	Name: ;	ID: 27950353-ea0a-4400-a2a7-b00b9ac0449b
	Domains list:		 1 
BodySet 3
	Bodies list:
			#0	Name: ;	ID: 499e78fd-18ab-4851-94b0-6e8bc6924cdf
	Domains list:		 2 
BodySet 4
	Bodies list:
			#0	Name: ;	ID: f698e6d0-f2a5-4da5-a1a1-1cc0a6a15f6b
	Domains list:		 7 
BodySet 5
	Bodies list:
			#0	Name: ;	ID: 519ab5ec-3576-4443-833e-3d15cd8f4ce5
	Domains list:		 4 
BodySet 6
	Bodies list:
			#0	Name: ;	ID: f66111b9-97a6-411f-8d12-3f639af6ce26
	Domains list:		 6 
BodySet 7
	Bodies list:
			#0	Name: ;	ID: c8d9bbdf-357b-4f9c-81c4-984a20f46fe7
	Domains list:		 5 

--------------------------------------------------------------------------
	Fluid regions
Total resolved Bodies 4 BodySets 2
BodySet 0	Material: Air; 
	Bodies list:
			#0	Name: ;	ID: b045c79b-c380-4efa-991a-5180e6a5c75a
			#1	Name: ;	ID: 27950353-ea0a-4400-a2a7-b00b9ac0449b
			#2	Name: ;	ID: 499e78fd-18ab-4851-94b0-6e8bc6924cdf
	Domains list:		 0 		 1 		 2 
BodySet 1	Material: Air; 
	Bodies list:
			#0	Name: ;	ID: b479de35-e269-4645-bb97-cf9af3118d7b
	Domains list:		 3 

--------------------------------------------------------------------------
Collect data takes...0.021 s
-----------------CModelBodies2MeshMapper::CollectData finished successfully-------------------
Saving initial mesh in: C:\Thermique Design\Design V3\1\1.fld .
Storing results...
	Estimated CPT size=21.793 MB.
	Time (write bcf): 1.058 s
Storing results takes 1.144 s
-----------------------------------------------------------------------
Memory Working Set Current = 303.74 Mb, Memory Working Set Peak = 303.74 Mb
Process Threads Number: 18
-----------------------------------------------------------------------
Cleaning memory...
-----------------------------------------------------------------------
Start to free mesher data...
MMP (msh): locals=12, allc_sz=10.15 MB, used_sz=9.16 MB, blks-min-max=13/19
MMP (brx): locals=12, allc_sz=58.58 MB, used_sz=51.84 MB, blks-min-max=22/23
MMP (bcf): locals=12, allc_sz=75.67 MB, used_sz=72.07 MB, blks-min-max=20/41
MMP (xsl): locals=12, allc_sz=9.52 MB, used_sz=8.73 MB, blks-min-max=10/18
Free xsl...            OK	Time=0.001 s
Free ray collector...  OK	Time=0.000 s
Free ray intersector...OK	Time=0.000 s
Free body sets...      OK	Time=0.014 s
Free Geometry DB takes 0.000 s
Free mesh conn...      OK	Time=0.000 s
Free geomsd...         OK	Time=0.000 s
Free mbricks...        OK	Time=0.001 s
Free hash info...      OK	Time=0.002 s
Free bricks-x...       OK	Time=0.001 s
Free bcf...            OK	Time=0.007 s
Free mesh h...         OK	Time=0.000 s
Free bricks arr..      OK	Time=0.000 s
Free bricks tree...    OK	Time=0.000 s
Free mesh pools...     OK	Time=0.017 s
Free bodies mapper...  OK	Time=0.000 s
Free geom crits...     OK	Time=0.000 s
Free cpt regions...    OK	Time=0.000 s
Free peculiar surfs... OK	Time=0.000 s
Free sw-geometries...  OK	Time=0.000 s
Total free mesher data time: 0.048 s
-----------------------------------------------------------------------
Copying... OK
Mesh generation normally finished at	3.3.2023	17:18:1
Mesher CPU = 6 sec
Mesher is finished at	3.3.2023	17:18:1
-----------------------------------------------------------------------
Memory Working Set Current = 83.54 Mb, Memory Working Set Peak = 304.35 Mb
Process Threads Number: 18
-----------------------------------------------------------------------
Algebra Pool      : mem_usage = 2.00 Mb, allocated count = 0
-----------------------------------------------------------------------
Memory Working Set Current = 81.75 Mb, Memory Working Set Peak = 304.35 Mb
Process Threads Number: 18
-----------------------------------------------------------------------
Log ended at 03.03.2023	17:18:01
