started solver summary thread
Log started at 03.03.2023	17:18:01
Number of used processors (NPROC): 12.
Number of mesh partitions (NPART): 12.
Computer name:	AIENWARE-17-R5
Operating system:	Windows 10 (or higher) (Version 10.0.22621)
Total Physical Memory = 31.86 Gb, Available Physical Memory = 21.35 Gb
-----------------------------------------------------------------------
Memory Working Set Current = 61.62 Mb, Memory Working Set Peak = 304.35 Mb
Process Threads Number: 8
-----------------------------------------------------------------------
CPU:	GenuineIntel, Stepping ID = 10, Model = 14, Family = 6, Extended model = 9, MMX SSE SSE2 Hyper-Threading Technology SSE3
CPU Brand String: Intel(R) Core(TM) i7-8750H CPU @ 2.20GHz
Cache Line Size = 64, L2 Associativity = 6, Cache Size = 256K
Number of cores: 12, Processor type: 8664, Active processor mask: 4095, Page size: 4096 bites
Package 0 [ ProcessorGroup 0 [ 0 1 2 3 4 5 6 7 8 9 10 11 ] ]
NUMA Node 0: Available Memory = 21.35 Gb. ProcessorGroup 0 [ 0 1 2 3 4 5 6 7 8 9 10 11 ]
std::thread::hardware_concurrency = 12
No NUMA support
OpenMP enabled (spec=200203). max_threads = 12, num_procs = 12.

SOLIDWORKS 2022 SP3.1
C:\Thermique Design\Design V3\1\1.fld
Configuration name:	Défaut
Project name:	Thermal V3
/*******************************************/
/*         Project Summary                 */
/*******************************************/
Analysis type:						CFD
Problem type:						external
Result resolution:					2
Minimum gap size:					0.0038277
Minimum wall thickness:				0.0038277
Manual refinement:					Off
Fluid substances count				1

		Advanced capabilities
Heat transfer						On
Transient						On
Gravitation						On
Laminar flow						Off
Compressibility					Off
Number of solid substances			1
Roughness:						0

************************************************
Flow Simulation 2022  x64 / 5593 / SOLVER ver. efd_2021_2.5587_14.01.2022+LamBL_4order_point_appr 
BRANCH: git--efd_2021_2.5593_20.01.2022



TRANSIENT


LAM-BREMHORST K-EPSILON TURBULENCE MODEL
EXTERNAL=1  CHT=1  FROZEN=0  RADIATION=1  HVAC_COMFORT_PARAMETERS=0
Solver mode: normal
Memory Status before reading BCF:
-----------------------------------------------------------------------
Memory Working Set Current = 66.45 Mb, Memory Working Set Peak = 304.35 Mb
Process Threads Number: 19
-----------------------------------------------------------------------

-----------------------------------------------------------------------
BCF CHECKSUM DATA (Mesh 0):

BRICK |Level1| Sum:               0
FACE_A Area Sum:   G.Fluid        3.7014133448128255
FACE_A Area Sum:   G.Solid        0.2891039419940309
FACE_W Area Sum:                  0.6361152317766559
FACE_W Nb   Sum:                  463644
FACE_W min curvatures sum:        -3365333.28430514
FACE_W max curvatures sum:        1284765.03378508
FACE_W ss lambda sum:             -4050
AV Max Disbalance(Const) :        6.91035e-11 (cid=54581, t={192, 203, 213}, avid=45139, pid=29550)
AV Max Disbalance(Linear):        3.75636e-10 (cid=60215, t={192, 244, 212}, avid=102560, pid=36270)
BRICK-AV Volume Disbalance:       0 (cid=0, t={0, 0, 0})
-----------------------------------------------------------------------


-----------------------------------------------------------------------
MESHER TOPOLOGY DATA:

BRICKS: Total                 65816
BRICKS: Fluid                 52514
BRICKS: Fluid Partial         32757
BRICKS: Type 1                34038
BRICKS: Max AV number         4

AV:     G.Total               105437
AV:     G.Fluid               54720
AV:     G.Solid               50717

AV:     G.Fluid Thin Profile    2.66 % (1454)
AV:     G.Solid Thin Profile    4.06 % (2059)

AV:     G.Fluid Thin For Mega   2.11 % (1153)
AV:     G.Solid Thin For Mega   3.20 % (1621)

AV:     G.Fluid Non-Convex     25.31 % (13852)
AV:     G.Solid Non-Convex     25.74 % (13053)

AV:     G.Fluid Non-Ess-Convex     16.07 % (8795)
AV:     G.Solid Non-Ess-Convex     13.19 % (6691)

FACE_A: G.Fluid          (af) 162583 (partially opened 74640)
FACE_A: G.Solid          (as) 147024 (partially opened 84669)

FACE_B: G.Total          (b)  0

FACE_W: G.Total                 59420       Brick/Bound
FACE_W: G.Fluid/Solid    (fs_g) 54426       3           
FACE_W: G.Fluid/Fluid    (ff_g) 0           0           
FACE_W: G.Solid/Solid    (ss_g) 4050        0           
FACE_W: G.Fluid/External (fe_g) 944
FACE_W: G.Solid/External (se_g) 0

AV/CV max fa count (on brick side):8
AV/CV max fw count:                8
AV/CV max fb count:                0
AV/CV max fw poly count:           42

MEMORY: Total                   39.205 MB
MEMORY: Per Brick               0.610 KB
-----------------------------------------------------------------------

-----------------------------------------------------------------------
Memory Working Set Current = 185.38 Mb, Memory Working Set Peak = 304.35 Mb
Process Threads Number: 19
-----------------------------------------------------------------------
----------------------------------------------------------
BCF --> BCF.GEOMSUBDOM (bridge arrays):
MESH (0):
	Fluid Subdom Constructor: 4 subdom(s).
	Solid Subdom Constructor: 4 subdom(s).
	Net Asm Subdom Constructor: 0 subdom(s).
	GEOMSUBDOM (0): gi=0 fluid av=49694 cv=47329 fa=149906 fb=0 fw=47969 V=2.570768e-02
	Cache data...OK
	GEOMSUBDOM (1): gi=0 fluid av=375 cv=64 fa=404 fb=0 fw=1097 V=1.351518e-10
	Cache data...OK
	GEOMSUBDOM (2): gi=0 fluid av=400 cv=313 fa=455 fb=0 fw=1147 V=1.569892e-09
	Cache data...OK
	GEOMSUBDOM (3): gi=0 fluid av=4251 cv=3960 fa=11818 fb=0 fw=5157 V=4.930767e-05
	Cache data...OK
	GEOMSUBDOM (4): gi=1 solid av=45487 cv=45487 fa=132751 fb=0 fw=54661 V=2.406516e-04
	Cache data...OK
	GEOMSUBDOM (5): gi=3 solid av=3908 cv=3908 fa=10735 fb=0 fw=5993 V=4.272808e-06
	Cache data...OK
	GEOMSUBDOM (6): gi=2 solid av=1190 cv=1190 fa=3238 fb=0 fw=1664 V=2.507365e-06
	Cache data...OK
	GEOMSUBDOM (7): gi=1 solid av=132 cv=132 fa=300 fb=0 fw=208 V=1.946429e-08
	Cache data...OK
	Setting nb of w-faces...OK (0.011 s).
	Correcting nb of w-faces...
		geomsd (0): removed nb-nfw by brick-long-chain: 812.
		geomsd (0): time=0.006 s
	Time(correct_fw_nb)=0.012 s

MESH (0) checking:
	GEOMSUBDOM (0):fa_s=3.6623378906226449 fb_s=0.0000000000000000 fw_s=0.6253272331291335 fw_nb=376428
	              :d_const(29379)=6.91035e-11 d_linear(29379)=1.69733e-10
	GEOMSUBDOM (1):fa_s=0.0000004501114549 fb_s=0.0000000000000000 fw_s=0.0000222456304234 fw_nb=8754
	              :d_const(38)=4.07442e-14 d_linear(21)=1.38022e-12
	GEOMSUBDOM (2):fa_s=0.0000051357888110 fb_s=0.0000000000000000 fw_s=0.0000757702627658 fw_nb=9166
	              :d_const(230)=3.69383e-14 d_linear(287)=3.1414e-13
	GEOMSUBDOM (3):fa_s=0.0390698682899110 fb_s=0.0000000000000000 fw_s=0.0082395200457044 fw_nb=40158
	              :d_const(542)=2.58536e-14 d_linear(3940)=1.94606e-13
	GEOMSUBDOM (4):fa_s=0.2767671958807776 fb_s=0.0000000000000000 fw_s=0.1043608951807990 fw_nb=409314
	              :d_const(33766)=6.32871e-11 d_linear(33766)=3.75636e-10
	GEOMSUBDOM (5):fa_s=0.0085396712161497 fb_s=0.0000000000000000 fw_s=0.0043631518003872 fw_nb=28622
	              :d_const(1348)=1.31355e-12 d_linear(1348)=1.74123e-11
	GEOMSUBDOM (6):fa_s=0.0037235699838671 fb_s=0.0000000000000000 fw_s=0.0015161694397504 fw_nb=11660
	              :d_const(822)=1.42934e-14 d_linear(383)=4.16718e-13
	GEOMSUBDOM (7):fa_s=0.0000735049132364 fb_s=0.0000000000000000 fw_s=0.0000546024429826 fw_nb=1632
	              :d_const(66)=2.79525e-15 d_linear(119)=1.33887e-13
MESH (0) checking: OK.
Time (MDS): 	0.135 s
----------------------------------------------------------
-----------------------------------------------------------------------
Memory Working Set Current = 227.35 Mb, Memory Working Set Peak = 304.35 Mb
Process Threads Number: 19
-----------------------------------------------------------------------
Memory Status after reading BCF:
-----------------------------------------------------------------------
Memory Working Set Current = 227.48 Mb, Memory Working Set Peak = 304.35 Mb
Process Threads Number: 19
-----------------------------------------------------------------------
Total read CPT took 0.65 sec.
Save msh-format to file...OK (0.348 s).
MMP (msh): locals=1, allc_sz=10.68 MB, used_sz=9.16 MB, blks-min-max=31/31
MMP (brx): locals=0, allc_sz=0.00 MB, used_sz=0.00 MB, blks-min-max=0/0
MMP (bcf): locals=12, allc_sz=66.67 MB, used_sz=64.75 MB, blks-min-max=8/37
MMP (xsl): locals=0, allc_sz=0.00 MB, used_sz=0.00 MB, blks-min-max=0/0
MESH::Bricks: Total=65816

-----------------------------------------------------------------------
Mesh dimensions:
				I[0 ]=12
				I[1 ]=16
				I[2 ]=10
Solver refinement level	I[47]=0

Comp. domain size:
				a[0  ]=-0.126072
				a[1  ]=0.139296
				a[2  ]=-0.124515
				a[3  ]=0.188196
				a[4  ]=-0.18047
				a[5  ]=0.132898
Wall thickness		a[231]=0
Gap size			a[232]=1
-----------------------------------------------------------------------
Gravity vector:
				gx(a[234])=0
				gy(a[235])=-9.81
				gz(a[236])=0
-----------------------------------------------------------------------
Preparing for calculations started at	3.3.2023	17:18:2
CD X0= -0.126072070411, X1= 0.139296481487, Y0= -0.12451495153, Y1= 0.188195738342, Z0= -0.180470233093, Z1= 0.132898318805
Update time step in solids: TRANSIENT IN SOLIDS
Update Use 1st order approx in solids: 2nd_order IN SOLIDS
FLUID SUBDOMAIN   0 LC =1 LAMTURB=1 NONNEWTON=0  STEAM=0  CAVITATION=0 IT=6 NT=2 NC=1 U_DIM_EXT=15
FLUID SUBDOMAIN   1 LC =1 LAMTURB=1 NONNEWTON=0  STEAM=0  CAVITATION=0 IT=6 NT=2 NC=1 U_DIM_EXT=15
FLUID SUBDOMAIN   2 LC =1 LAMTURB=1 NONNEWTON=0  STEAM=0  CAVITATION=0 IT=6 NT=2 NC=1 U_DIM_EXT=15
FLUID SUBDOMAIN   3 LC =1 LAMTURB=1 NONNEWTON=0  STEAM=0  CAVITATION=0 IT=6 NT=2 NC=1 U_DIM_EXT=15

===ThermodynamicsHolder:===
Subdom 0 Ideal gas thermodynamics
	substance 0 type=fwGas, guid=2B966F4A9A9F11D4A50048A0E8000000, name=Air
Subdom 1 Ideal gas thermodynamics
	substance 0 type=fwGas, guid=2B966F4A9A9F11D4A50048A0E8000000, name=Air
Subdom 2 Ideal gas thermodynamics
	substance 0 type=fwGas, guid=2B966F4A9A9F11D4A50048A0E8000000, name=Air
Subdom 3 Ideal gas thermodynamics
	substance 0 type=fwGas, guid=2B966F4A9A9F11D4A50048A0E8000000, name=Air
===ThermodynamicsHolder:===
149 parameter(s) in list of scalar parameters
8 parameter(s) in list of vector parameters
-----------------------------------------------------------------------
Loading mesh settings (global/local/SAR)...
Setting regions (65816 / 65816)...OK (0.001 s)
-----------------------------------------------------------------------

CollectIndata: Initialize stored in U[] parameters (pressure,momentum,dens,..)... OK(CPU=0.020 s)

THERMODYNAMICS: Initialize stored in U[] parameters (T,Cp,Pr,..)
                and switch to Y-shifted Total Enthalpy:
OK: U[] is initialized.

Collect Virtual Surface Sources...OK
Collect Surface Goals...
Received 0 wall face(s) and 0 virtual face(s)...
 OK
Total CPU time 1 s
Collect Unused surface area...OK
MWS estimation...
Subdomain number =   0 V_indata_max =          0, v_max_from_mf_on_BC =           0, v_max_from_pressure_opening =           0, MWS =   0.195822
Subdomain number =   1 V_indata_max =          0, v_max_from_mf_on_BC =           0, v_max_from_pressure_opening =           0, MWS =   0.195822
Subdomain number =   2 V_indata_max =          0, v_max_from_mf_on_BC =           0, v_max_from_pressure_opening =           0, MWS =   0.195822
Subdomain number =   3 V_indata_max =          0, v_max_from_mf_on_BC =           0, v_max_from_pressure_opening =           0, MWS =   0.195822

There are 4 subdomains in fluid:
subdomain   0: LOW COMPRESSIBLE, MONOTONIC H,   47329 CVs, LAMINAR-TURBULENT TRANSITION
subdomain   1: LOW COMPRESSIBLE, MONOTONIC H,      64 CVs, LAMINAR-TURBULENT TRANSITION
subdomain   2: LOW COMPRESSIBLE, MONOTONIC H,     313 CVs, LAMINAR-TURBULENT TRANSITION
subdomain   3: LOW COMPRESSIBLE, MONOTONIC H,    3960 CVs, LAMINAR-TURBULENT TRANSITION
NPROC = 12, nested_parallelization = 0
NPART = 12
Calculate gap size: 
	Min gap size       2.459708e-06 (id=23183)
	Max gap size       1.799329e-01 (id=48785)
	Enlarged by r_d_cv 5120
GapSize time = 0.016 s

/-----------------------------------------------------------/
SOLVER TOPOLOGY DATA:

BRICKS: |level1| sum         0

CV:     Total               102383
CV:     Fluid               51666
CV:     Solid               50717

Fluid:
CV Max Disbalance(Const):                6.91035e-11 (ncv=29379)
CV Max Disbalance(Linear):                1.69733e-10 (ncv=29379, nsd=0)
Fluid:
CV Max Disbalance(Const):                4.07442e-14 (ncv=38)
CV Max Disbalance(Linear):                1.38022e-12 (ncv=21, nsd=1)
Fluid:
CV Max Disbalance(Const):                3.69383e-14 (ncv=230)
CV Max Disbalance(Linear):                3.1414e-13 (ncv=287, nsd=2)
Fluid:
CV Max Disbalance(Const):                2.58536e-14 (ncv=542)
CV Max Disbalance(Linear):                1.94606e-13 (ncv=3940, nsd=3)
Solid:
CV Max Disbalance(Const):                6.32871e-11 (ncv=33766)
CV Max Disbalance(Linear):                3.75636e-10 (ncv=33766, nsd=4)
Solid:
CV Max Disbalance(Const):                1.31355e-12 (ncv=1348)
CV Max Disbalance(Linear):                1.74123e-11 (ncv=1348, nsd=5)
Solid:
CV Max Disbalance(Const):                1.42934e-14 (ncv=822)
CV Max Disbalance(Linear):                4.16718e-13 (ncv=383, nsd=6)
Solid:
CV Max Disbalance(Const):                2.79525e-15 (ncv=66)
CV Max Disbalance(Linear):                1.33887e-13 (ncv=119, nsd=7)
CV:     G.Fluid Thin Profile    3.02 % (1558)
CV:     G.Solid Thin Profile    4.06 % (2059)

CV:     G.Fluid Non-Convex     26.01 % (13440)
CV:     G.Solid Non-Convex     25.74 % (13053)

FACE_A: Fluid          (af) 162583
FACE_A: Max number placed on a brick-face in cv: 8
FACE_A: Solid          (as) 147024

FACE_W: Total               59420
FACE_W: Fluid/Solid    (fs) 54426
FACE_W: Fluid/Fluid    (ff) 0
FACE_W: Opening BC               (fo)  944
FACE_W: Fluid/Bound              (fw)  55370
FACE_W: Fluid/Bound Real Wall    (frw) 54426
FACE_W: Max number placed in cv: 29
/-----------------------------------------------------------/

  nsd=  0: min rho=1.18372, var Kin E=4.53912
  nsd=  1: min rho=1.18372, var Kin E=4.53912
  nsd=  2: min rho=1.18372, var Kin E=4.53912
  nsd=  3: min rho=1.18372, var Kin E=4.53912
Create solver core
 MDS: Converting solver problem ...
MDS: OK
slv : Calculations at run start
slv : Create sub-domains supervisors:
slv : 	4 fluid
slv : Solid av's clusters generator...
slv : 	geomsd_ind = 4: clusters count=90
GEOMSUBDOM_C construct: geomsd(4) av_clusters=on merge{fa:yes, fb:no, fw:no} f={b_0=no, b_1=no, cv_crd=yes, pcb=yes}
GEOMSUBDOM_C      done: geomsd(4) av=45487 fa=132751 fb=0 fw=54661 --> geomsd_c cv=45487 fa=132751 fb=0 fw=54661 disb_const(ncv=33766)=6.32871e-11 disb_linear(ncv=33766)=3.75636e-10
slv : Solid av's clusters generator...
slv : 	geomsd_ind = 5: clusters count=0
GEOMSUBDOM_C construct: geomsd(5) av_clusters=off merge{fa:yes, fb:no, fw:no} f={b_0=no, b_1=no, cv_crd=yes, pcb=yes}
GEOMSUBDOM_C      done: geomsd(5) av=3908 fa=10735 fb=0 fw=5993 --> geomsd_c cv=3908 fa=10735 fb=0 fw=5993 disb_const(ncv=1348)=1.31355e-12 disb_linear(ncv=1348)=1.74123e-11
slv : Solid av's clusters generator...
slv : 	geomsd_ind = 6: clusters count=0
GEOMSUBDOM_C construct: geomsd(6) av_clusters=off merge{fa:yes, fb:no, fw:no} f={b_0=no, b_1=no, cv_crd=yes, pcb=yes}
GEOMSUBDOM_C      done: geomsd(6) av=1190 fa=3238 fb=0 fw=1664 --> geomsd_c cv=1190 fa=3238 fb=0 fw=1664 disb_const(ncv=822)=1.42934e-14 disb_linear(ncv=383)=4.16718e-13
slv : Solid av's clusters generator...
slv : 	geomsd_ind = 7: clusters count=0
GEOMSUBDOM_C construct: geomsd(7) av_clusters=off merge{fa:yes, fb:no, fw:no} f={b_0=no, b_1=no, cv_crd=yes, pcb=yes}
GEOMSUBDOM_C      done: geomsd(7) av=132 fa=300 fb=0 fw=208 --> geomsd_c cv=132 fa=300 fb=0 fw=208 disb_const(ncv=66)=2.79525e-15 disb_linear(ncv=119)=1.33887e-13
slv : 	4 solid
slv : Create sub-domains mesh connectivity supervisors:
slv : Collect slices by phenomena...
slv : 	fluid flow slices were created:	4
slv : 	heat transfer slices were created:	8
slv : 	electric current flow slices were created:	0
slv : 	radiation slices were created:	8
slv : Creating meshes proxies for multigrid...
slv : Convert MESH[0] to multigrid mesh proxy...
slv : 65816 bricks are accounted by implicit methods(100% of total)
slv : max tree bricks count = 1667
alg : MG: create topological coarsening...
alg : Mesh 0  OK
slv : Building views for fluid flow...
slv : 4 views are created
slv : Building views for heat transfer...
slv : 1 views are created
slv : Building views for radiation...
slv : 1 views are created
slv : Building fluid flow views schemes...
slv : View   0: Implicit scheme in fluid
slv : View   1: Implicit scheme in fluid
slv : View   2: Implicit scheme in fluid
slv : View   3: Implicit scheme in fluid
slv : Building heat transfer views schemes...
slv : Building radiation views schemes...
slv : PrecalcAtStart views for fluid flow...
=== Fluid sub-domain nsd=0 ========================
Pre-calculations at run start, Implicit Scheme:
Sub-domain is External

MARK CVs, A-FACEs and W-FACEs WITH/NEAR GEOMETRICAL PECULIARITIES:

  FW_VERY_SMALL_AREA: very small areas detected in 514 FWs (1.07153% of all FWs, 1.07153% of FWs that are not skipped in area calculations).
  Thin slit and wedge cvs = 99 (0.209174% of all cvs, 0.335059% of partial cvs),
  Wedge cvs = 1924 (4.06516% of all cvs, 6.51166% of partial cvs),
  (THRESHOLD_THIN = 0.01, THRESHOLD_ANGLE = 91.146).
  Bad boundary refinement cvs = 10 (0.0211287% of all cvs, 0.0338444% of partial cvs),
  A-faces degraded to CUp_1st and Upwind_1st: 23468 (15.9381% of all a-faces)
    (by  curved & encumbered : 23440 (15.919% of all a-faces)),
    (by  l- or r-cv is small : 0 (0% of all a-faces)),
    (by  l- or r-cv is triple: 0 (0% of all a-faces)),
    (by  l- or r-cv is bad boundary refinement: 148 (0.100513% of all a-faces)).
    (THRESHOLD_ENCUMBERED_AREA = 0.333, THRESHOLD_ANGLE_SURFACE = 15, THRESHOLD_ANGLE_CVs = 70).
  Skip turbulence generating sources in partial cvs = 5250 (11.0926% of all cvs, 17.7683% of partial cvs),    (by  presence of degraded to CUp_1st a-faces)
  Skip  P WALL APPROX  on w-faces = 18726 (39.0377% of fluid wall w-faces),
  Skip the artificial force suppressing Un (Ksi_wall) on w-faces = 4799 (10.0044% of w-faces),
  CV_BAD_GEOM_FOR_DERIVATIVES: bad CV geometry for numerical calculation of derivatives detected in partial cvs = 18146 (38.3401% of all cvs, 61.414% of partial cvs),
    (by  presence of degraded to CUp_1st a-faces = 13550)
    (by  curvature condition = 13561),
    (by  MEGA G-TYPE condition = 60),
    (THRESHOLD_ANGLE_BAD_DERIVATIVES = 47).
  CV_FLUID_IN_SMALL_INTERNAL_ANGLE: fluid in small internal angle detected in 1782 CVs (3.76513%).
  A-faces placed opposite External boundary with Symmetry BC: N_face_ns=0 (0%)
BC re-definition: Real Wall to Ideal Wall: 0 w-faces
(nsd = 0) Nfa = 149906, W2P A-face approximations: 94043 stored, 44 failed, 2 failed value weights optimization,
  basis quality levels = { 89073 (47.36%) excellent, 74391 (39.55%) very high, 16731 (8.90%) high, 7311 (3.89%) medium, 580 (0.31%) satisfactory },
  derivative traits = { [1]: 6, [2]: 4368, [5]: 1434 },
  value traits = { [0]: 2, [1]: 23, [2]: 398, [5]: 1160 }.
(nsd = 0) Ncv = 47329, W2P CV approximations: 43909 stored,
  basis quality levels = { 23187 (52.81%) excellent, 15928 (36.28%) very high, 2920 (6.65%) high, 1694 (3.86%) medium, 180 (0.41%) satisfactory },
  gradient[X] traits = { [5]: 3996 },
  gradient[Y] traits = { [5]: 4082 },
  gradient[Z] traits = { [5]: 4315 }.
mgl = 31 size = 47329
mgl = 30 size =  9488
mgl = 29 size =  3740

mgl = 31 size = 47329
mgl = 30 size =  9488
mgl = 29 size =  3740

mgl = 31 size = 47329
mgl = 30 size =  9488
mgl = 29 size =  3740

CreateGrOperatorsPortraits: CVs with extended (3D) portrait / total CVs = 28747 / 47329 (60.739%).
mgl = 31 size = 47329
mgl = 30 size =  9488
mgl = 29 size =  3740

=== Fluid sub-domain nsd=1 ========================
Pre-calculations at run start, Implicit Scheme:
Mass is predefined in this sub-domain

MARK CVs, A-FACEs and W-FACEs WITH/NEAR GEOMETRICAL PECULIARITIES:

  FW_VERY_SMALL_AREA: very small areas detected in 49 FWs (4.46673% of all FWs, 4.46673% of FWs that are not skipped in area calculations).
  Thin slit and wedge cvs = 4 (6.25% of all cvs, 6.25% of partial cvs),
  Wedge cvs = 64 (100% of all cvs, 100% of partial cvs),
  (THRESHOLD_THIN = 0.01, THRESHOLD_ANGLE = 91.146).
  A-faces degraded to CUp_1st and Upwind_1st: 76 (100% of all a-faces)
    (by  curved & encumbered : 76 (100% of all a-faces)),
    (by  l- or r-cv is small : 0 (0% of all a-faces)),
    (by  l- or r-cv is triple: 0 (0% of all a-faces)),
    (by  l- or r-cv is bad boundary refinement: 0 (0% of all a-faces)).
    (THRESHOLD_ENCUMBERED_AREA = 0.333, THRESHOLD_ANGLE_SURFACE = 15, THRESHOLD_ANGLE_CVs = 70).
  Skip  P WALL APPROX  on w-faces = 827 (75.3874% of fluid wall w-faces),
  Skip the artificial force suppressing Un (Ksi_wall) on w-faces = 950 (86.5998% of w-faces),
  CV_BAD_GEOM_FOR_DERIVATIVES: bad CV geometry for numerical calculation of derivatives detected in partial cvs = 64 (100% of all cvs, 100% of partial cvs),
    (by  presence of degraded to CUp_1st a-faces = 64)
    (by  curvature condition = 64),
    (by  MEGA G-TYPE condition = 0),
    (THRESHOLD_ANGLE_BAD_DERIVATIVES = 47).
  A-faces placed opposite External boundary with Symmetry BC: N_face_ns=0 (0%)
BC re-definition: Real Wall to Ideal Wall: 0 w-faces
(nsd = 1) Nfa = 404, W2P A-face approximations: 76 stored,
  basis quality levels = { 82 (53.95%) medium, 70 (46.05%) satisfactory },
  derivative traits = { [5]: 76 },
  value traits = { [5]: 65 }.
(nsd = 1) Ncv = 64, W2P CV approximations: 64 stored,
  basis quality levels = { 15 (23.44%) medium, 49 (76.56%) satisfactory },
  gradient[X] traits = { [5]: 41 },
  gradient[Y] traits = { [5]: 45 },
  gradient[Z] traits = { [5]: 64 }.
mgl = 31 size = 64
mgl = 30 size = 64

mgl = 31 size = 64
mgl = 30 size = 64

mgl = 31 size = 64
mgl = 30 size = 64

CreateGrOperatorsPortraits: CVs with extended (3D) portrait / total CVs = 64 / 64 (100.000%).
mgl = 31 size = 64
mgl = 30 size = 64

=== Fluid sub-domain nsd=2 ========================
Pre-calculations at run start, Implicit Scheme:
Mass is predefined in this sub-domain

MARK CVs, A-FACEs and W-FACEs WITH/NEAR GEOMETRICAL PECULIARITIES:

  FW_VERY_SMALL_AREA: very small areas detected in 39 FWs (3.40017% of all FWs, 3.40017% of FWs that are not skipped in area calculations).
  Thin slit and wedge cvs = 5 (1.59744% of all cvs, 1.59744% of partial cvs),
  Wedge cvs = 313 (100% of all cvs, 100% of partial cvs),
  (THRESHOLD_THIN = 0.01, THRESHOLD_ANGLE = 91.146).
  A-faces degraded to CUp_1st and Upwind_1st: 179 (48.7738% of all a-faces)
    (by  curved & encumbered : 179 (48.7738% of all a-faces)),
    (by  l- or r-cv is small : 0 (0% of all a-faces)),
    (by  l- or r-cv is triple: 0 (0% of all a-faces)),
    (by  l- or r-cv is bad boundary refinement: 0 (0% of all a-faces)).
    (THRESHOLD_ENCUMBERED_AREA = 0.333, THRESHOLD_ANGLE_SURFACE = 15, THRESHOLD_ANGLE_CVs = 70).
  Skip  P WALL APPROX  on w-faces = 568 (49.5205% of fluid wall w-faces),
  Skip the artificial force suppressing Un (Ksi_wall) on w-faces = 297 (25.8936% of w-faces),
  CV_BAD_GEOM_FOR_DERIVATIVES: bad CV geometry for numerical calculation of derivatives detected in partial cvs = 313 (100% of all cvs, 100% of partial cvs),
    (by  presence of degraded to CUp_1st a-faces = 185)
    (by  curvature condition = 313),
    (by  MEGA G-TYPE condition = 0),
    (THRESHOLD_ANGLE_BAD_DERIVATIVES = 47).
  CV_FLUID_IN_SMALL_INTERNAL_ANGLE: fluid in small internal angle detected in 1 CVs (0.319489%).
  A-faces placed opposite External boundary with Symmetry BC: N_face_ns=0 (0%)
BC re-definition: Real Wall to Ideal Wall: 0 w-faces
(nsd = 2) Nfa = 455, W2P A-face approximations: 367 stored,
  basis quality levels = { 147 (20.03%) very high, 4 (0.54%) high, 280 (38.15%) medium, 303 (41.28%) satisfactory },
  derivative traits = { [2]: 11, [5]: 228 },
  value traits = { [5]: 69 }.
(nsd = 2) Ncv = 313, W2P CV approximations: 313 stored,
  basis quality levels = { 7 (2.24%) very high, 62 (19.81%) high, 13 (4.15%) medium, 231 (73.80%) satisfactory },
  gradient[X] traits = { [5]: 100 },
  gradient[Y] traits = { [5]: 102 },
  gradient[Z] traits = { [5]: 305 }.
mgl = 31 size = 313
mgl = 30 size = 186

mgl = 31 size = 313
mgl = 30 size = 186

mgl = 31 size = 313
mgl = 30 size = 186

CreateGrOperatorsPortraits: CVs with extended (3D) portrait / total CVs = 313 / 313 (100.000%).
mgl = 31 size = 313
mgl = 30 size = 186

=== Fluid sub-domain nsd=3 ========================
Pre-calculations at run start, Implicit Scheme:
Mass is predefined in this sub-domain

MARK CVs, A-FACEs and W-FACEs WITH/NEAR GEOMETRICAL PECULIARITIES:

  FW_VERY_SMALL_AREA: very small areas detected in 70 FWs (1.35738% of all FWs, 1.35738% of FWs that are not skipped in area calculations).
  Thin slit and wedge cvs = 9 (0.227273% of all cvs, 0.293255% of partial cvs),
  Wedge cvs = 750 (18.9394% of all cvs, 24.4379% of partial cvs),
  (THRESHOLD_THIN = 0.01, THRESHOLD_ANGLE = 91.146).
  A-faces degraded to CUp_1st and Upwind_1st: 1975 (17.1456% of all a-faces)
    (by  curved & encumbered : 1975 (17.1456% of all a-faces)),
    (by  l- or r-cv is small : 0 (0% of all a-faces)),
    (by  l- or r-cv is triple: 0 (0% of all a-faces)),
    (by  l- or r-cv is bad boundary refinement: 0 (0% of all a-faces)).
    (THRESHOLD_ENCUMBERED_AREA = 0.333, THRESHOLD_ANGLE_SURFACE = 15, THRESHOLD_ANGLE_CVs = 70).
  Skip turbulence generating sources in partial cvs = 552 (13.9394% of all cvs, 17.9863% of partial cvs),    (by  presence of degraded to CUp_1st a-faces)
  Skip  P WALL APPROX  on w-faces = 2389 (46.3254% of fluid wall w-faces),
  Skip the artificial force suppressing Un (Ksi_wall) on w-faces = 685 (13.2829% of w-faces),
  CV_BAD_GEOM_FOR_DERIVATIVES: bad CV geometry for numerical calculation of derivatives detected in partial cvs = 1887 (47.6515% of all cvs, 61.4858% of partial cvs),
    (by  presence of degraded to CUp_1st a-faces = 1470)
    (by  curvature condition = 965),
    (by  MEGA G-TYPE condition = 0),
    (THRESHOLD_ANGLE_BAD_DERIVATIVES = 47).
  CV_FLUID_IN_SMALL_INTERNAL_ANGLE: fluid in small internal angle detected in 23 CVs (0.580808%).
  A-faces placed opposite External boundary with Symmetry BC: N_face_ns=0 (0%)
BC re-definition: Real Wall to Ideal Wall: 0 w-faces
(nsd = 3) Nfa = 11818, W2P A-face approximations: 8575 stored,
  basis quality levels = { 7402 (43.16%) excellent, 6823 (39.78%) very high, 1898 (11.07%) high, 966 (5.63%) medium, 61 (0.36%) satisfactory },
  derivative traits = { [2]: 892, [5]: 526 },
  value traits = { [2]: 17, [5]: 20 }.
(nsd = 3) Ncv = 3960, W2P CV approximations: 3827 stored,
  basis quality levels = { 1824 (47.66%) excellent, 1324 (34.60%) very high, 414 (10.82%) high, 249 (6.51%) medium, 16 (0.42%) satisfactory },
  gradient[X] traits = { [5]: 888 },
  gradient[Y] traits = { [5]: 889 },
  gradient[Z] traits = { [5]: 503 }.
mgl = 31 size = 3960
mgl = 30 size =  805

mgl = 31 size = 3960
mgl = 30 size =  805

mgl = 31 size = 3960
mgl = 30 size =  805

CreateGrOperatorsPortraits: CVs with extended (3D) portrait / total CVs = 3069 / 3960 (77.500%).
mgl = 31 size = 3960
mgl = 30 size =  805

slv : PrecalcAtStart views for heat transfer...
Laplacian approximations statistics (gsd=4):
	Number of open faces        :132751
	N of computed(stored) approximations:73590
	2-point approximations    : 44.6 %
	Thin profile approximations :  0.0 %
	Approximations with corrected internal problems: 8106
	Approximations with corrections: 24243

	Total number of flux vectors :45487
	Number of non-trivial (stored) flux vectors: 46
	2-point based flux vectors:  99.9 %

Laplacian approximations statistics (gsd=5):
	Number of open faces        :10735
	N of computed(stored) approximations:4770
	2-point approximations    : 55.6 %
	Thin profile approximations :  0.0 %
	Approximations with corrected internal problems: 712
	Approximations with corrections: 2255

	Total number of flux vectors :3908
	Number of non-trivial (stored) flux vectors: 0
	2-point based flux vectors: 100.0 %

Laplacian approximations statistics (gsd=6):
	Number of open faces        :3238
	N of computed(stored) approximations:1885
	2-point approximations    : 41.8 %
	Thin profile approximations :  0.0 %
	Approximations with corrected internal problems: 529
	Approximations with corrections: 830

	Total number of flux vectors :1190
	Number of non-trivial (stored) flux vectors: 0
	2-point based flux vectors: 100.0 %

Laplacian approximations statistics (gsd=7):
	Number of open faces        :300
	N of computed(stored) approximations:152
	2-point approximations    : 49.3 %
	Thin profile approximations :  0.0 %
	Approximations with corrected internal problems: 8
	Approximations with corrections: 56

	Total number of flux vectors :132
	Number of non-trivial (stored) flux vectors: 0
	2-point based flux vectors: 100.0 %

Creating view scheme...
mgl = 31 size = 102383
mgl = 30 size =  21927
mgl = 29 size =   8990

1 heat transfer algebraic views are created
slv : PrecalcAtStart views for electric current flow...
slv : PrecalcAtStart views for radiation...
slv : Finite volume method GLOBAL MESH METRICS:
slv : eps_const_function  [cv] = MAX_{i}{ SUM( S[f] * n[f][i] ) / SUM( |S[f] * n[f][i]| ) },
slv : eps_linear_function [cv] = | MAX_{i}{ SUM( S[f] * n[f][i] * crd[f][i] ) } - MIN_{i}{ SUM( S[f] * n[f][i] * crd[f][i] ) } | / V[cv],
slv : eps_cv_volume       [cv] = | SUM_{i}{ SUM( S[f] * n[f][i] * crd[f][i] ) } / 3 - V[cv] | / V[cv],
slv :                            where "i" is axis (x, y, z) and "f" is cv's face (of any type),
slv :                            crd[f] is coordinate of face "f" in cv-centered coordinate system, i.e. shifted by -crd[cv].
slv : 	FLUID:
slv : 		    4 GEOMSUBDOM(s):   Ncv =      51666, eps_const_function = 1.4e-10, eps_linear_function = 1.7e-10, eps_cv_volume = 9.2e-11.
slv : 	SOLID:
slv : 		    4 GEOMSUBDOM(s):   Ncv =      50717, eps_const_function = 3.2e-10, eps_linear_function = 3.8e-10, eps_cv_volume = 1.5e-10.

SDS: Re-define MWS=max(mws_sd) over fluid-flow sub-domains in view:
SDS: nsd=  0: mws(view value)=0.19582172592855     
SDS: nsd=  1: mws(view value)=0.19582172592855     
SDS: nsd=  2: mws(view value)=0.19582172592855     
SDS: nsd=  3: mws(view value)=0.19582172592855     
slv : ------------ Start of Preliminary step at Calculation start ------------
<Dynamic P> on nsd = 0 {openings (inlet / outlet)}:
  (SP = Static Pressure, EP = Environment Pressure, TP = Total Pressure, E = External)
  {#0, E, (0.000000e+00 / 0.000000e+00)}
  {#1, E, (0.000000e+00 / 0.000000e+00)}
  {#2, E, (0.000000e+00 / 0.000000e+00)}
  {#3, E, (0.000000e+00 / 0.000000e+00)}
  {#4, E, (0.000000e+00 / 0.000000e+00)}
  {#5, E, (0.000000e+00 / 0.000000e+00)}
WALL_DISTANCE: 1 algebraic views were taken from pressure algebraic views 
+------+--------+--------------+--------------+--------------+--------------+--------------+------+----+-+-+--+------+
|Name  |alg view| Initial res  | Initial resL1| Target res   | Final res    | Final res L1 |Visits|Iter|R|F|CL|Status|
|  WD  |       0|  3.396015e-07|  0.000000e+00|  3.396015e-23|  2.027068e-24|  1.085326e-10|    19|  81|1|n|29|  OK  |
WALL_DISTANCE: 1 algebraic views were taken from pressure algebraic views 
+------+--------+--------------+--------------+--------------+--------------+--------------+------+----+-+-+--+------+
|Name  |alg view| Initial res  | Initial resL1| Target res   | Final res    | Final res L1 |Visits|Iter|R|F|CL|Status|
|  WD  |       0|  3.014320e-22|  0.000000e+00|  3.014320e-38|  1.288748e-53|  1.777146e-26|     2|   6|0|n|30|  OK  |
WALL_DISTANCE: 1 algebraic views were taken from pressure algebraic views 
+------+--------+--------------+--------------+--------------+--------------+--------------+------+----+-+-+--+------+
|Name  |alg view| Initial res  | Initial resL1| Target res   | Final res    | Final res L1 |Visits|Iter|R|F|CL|Status|
|  WD  |       0|  8.631121e-21|  0.000000e+00|  8.631121e-37|  5.327314e-39|  6.764641e-19|    17|  63|1|n|30|  OK  |
WALL_DISTANCE: 1 algebraic views were taken from pressure algebraic views 
+------+--------+--------------+--------------+--------------+--------------+--------------+------+----+-+-+--+------+
|Name  |alg view| Initial res  | Initial resL1| Target res   | Final res    | Final res L1 |Visits|Iter|R|F|CL|Status|
|  WD  |       0|  5.288988e-12|  0.000000e+00|  5.288988e-28|  1.652640e-29|  1.346489e-13|    18|  72|1|n|30|  OK  |
nsd = 0, n_opening (External) = 0, hn_averaged = 2.5636092058458612e-02, area_of_opening = 9.7993696048471246e-02
nsd = 0, n_opening (External) = 1, hn_averaged = 2.5624702103409922e-02, area_of_opening = 9.7993696048471246e-02
nsd = 0, n_opening (External) = 2, hn_averaged = 2.0511032400919615e-02, area_of_opening = 8.3158158827628781e-02
nsd = 0, n_opening (External) = 3, hn_averaged = 2.2815295907944982e-02, area_of_opening = 8.3158158827628781e-02
nsd = 0, n_opening (External) = 4, hn_averaged = 3.4027107418287052e-02, area_of_opening = 8.2983582934582620e-02
nsd = 0, n_opening (External) = 5, hn_averaged = 3.4007588116908377e-02, area_of_opening = 8.2983582934582620e-02
